<?xml version="1.0" encoding="UTF-8"?>
<!-- Generated by org.testng.reporters.JUnitReportReporter -->
<testsuite hostname="DESKTOP-C4OHGOA" failures="0" tests="1" name="com.bankproject.testcase.TC_001_AddCustomer" time="2.382" errors="0" timestamp="2022-03-13T17:42:13 GMT-07:00" skipped="0">
  <testcase classname="com.bankproject.testcase.TC_001_AddCustomer" name="addCustomer" time="2.382"/>
  <system-out/>
</testsuite> <!-- com.bankproject.testcase.TC_001_AddCustomer -->
